Вызвана функция hello_world с аргументами () и {}.
Дата и время вызова 2024-01-25 23:09:41.735551
Возвращаемое функцией значение - Hello World
Вызвана функция summator с аргументами (2, 2) и {}.
Дата и время вызова 2024-01-25 23:09:41.735551
Возвращаемое функцией значение - 4
Вызвана функция div с аргументами (6, 2) и {}.
Дата и время вызова 2024-01-25 23:09:41.735551
Возвращаемое функцией значение - 3.0
Вызвана функция summator с аргументами (4.3,) и {'b': 2.2}.
Дата и время вызова 2024-01-25 23:09:41.735551
Возвращаемое функцией значение - 6.5
Вызвана функция summator с аргументами () и {'a': 0, 'b': 0}.
Дата и время вызова 2024-01-25 23:09:41.736551
Возвращаемое функцией значение - 0
Вызвана функция get_name с аргументами ('10006',) и {}.
Дата и время вызова 2024-01-25 23:40:19.084253
Возвращаемое функцией значение - Аристарх Павлов
Вызвана функция get_directory с аргументами ('11-2',) и {}.
Дата и время вызова 2024-01-25 23:40:19.085253
Возвращаемое функцией значение - 1
Вызвана функция get_name с аргументами ('101',) и {}.
Дата и время вызова 2024-01-25 23:40:19.085253
Возвращаемое функцией значение - Документ не найден
Вызвана функция add с аргументами ('international passport', '311 020203', 'Александр Пушкин', 3) и {}.
Дата и время вызова 2024-01-25 23:40:19.085253
Возвращаемое функцией значение - None
Вызвана функция get_directory с аргументами ('311 020203',) и {}.
Дата и время вызова 2024-01-25 23:40:19.085253
Возвращаемое функцией значение - 3
Вызвана функция get_name с аргументами ('311 020203',) и {}.
Дата и время вызова 2024-01-25 23:40:19.085253
Возвращаемое функцией значение - Александр Пушкин
Вызвана функция get_directory с аргументами ('311 020204',) и {}.
Дата и время вызова 2024-01-25 23:40:19.085253
Возвращаемое функцией значение - Полки с таким документом не найдено
